.============================ POST REQUEST ==========================.
[2018/03/27 01:39:56] Postback payload: Array
(
    [code] => phpVersion
    [handler] => onCheckRequirement
)

[2018/03/27 01:39:56] System check: phpVersion
[2018/03/27 01:39:56] Requirement phpVersion +OK
[2018/03/27 01:39:56] Execute handler (onCheckRequirement): Array
(
    [result] => 1
)

.============================ POST REQUEST ==========================.
[2018/03/27 01:39:57] Postback payload: Array
(
    [code] => curlLibrary
    [handler] => onCheckRequirement
)

[2018/03/27 01:39:57] System check: curlLibrary
[2018/03/27 01:39:57] Requirement curlLibrary +OK
[2018/03/27 01:39:57] Execute handler (onCheckRequirement): Array
(
    [result] => 1
)

.============================ POST REQUEST ==========================.
[2018/03/27 01:39:57] Postback payload: Array
(
    [code] => liveConnection
    [handler] => onCheckRequirement
)

[2018/03/27 01:39:57] System check: liveConnection
[2018/03/27 01:39:58] Server request: ping
[2018/03/27 01:39:58] Request information: Array
(
    [url] => http://octobercms.com/api/ping
    [content_type] => application/json
    [http_code] => 200
    [header_size] => 361
    [request_size] => 177
    [filetime] => -1
    [ssl_verify_result] => 0
    [redirect_count] => 0
    [total_time] => 0.471941
    [namelookup_time] => 0.061138
    [connect_time] => 0.0857
    [pretransfer_time] => 0.085862
    [size_upload] => 46
    [size_download] => 12
    [speed_download] => 25
    [speed_upload] => 97
    [download_content_length] => 12
    [upload_content_length] => 46
    [starttransfer_time] => 0.471909
    [redirect_time] => 0
    [redirect_url] => 
    [primary_ip] => 104.24.113.12
    [certinfo] => Array
        (
        )

    [primary_port] => 80
    [local_ip] => 10.0.2.15
    [local_port] => 34224
)

[2018/03/27 01:39:58] Requirement liveConnection +OK
[2018/03/27 01:39:58] Execute handler (onCheckRequirement): Array
(
    [result] => 1
)

.============================ POST REQUEST ==========================.
[2018/03/27 01:39:58] Postback payload: Array
(
    [code] => writePermission
    [handler] => onCheckRequirement
)

[2018/03/27 01:39:58] System check: writePermission
[2018/03/27 01:39:58] Requirement writePermission +OK
[2018/03/27 01:39:58] Execute handler (onCheckRequirement): Array
(
    [result] => 1
)

.============================ POST REQUEST ==========================.
[2018/03/27 01:39:59] Postback payload: Array
(
    [code] => pdoLibrary
    [handler] => onCheckRequirement
)

[2018/03/27 01:39:59] System check: pdoLibrary
[2018/03/27 01:39:59] Requirement pdoLibrary +OK
[2018/03/27 01:39:59] Execute handler (onCheckRequirement): Array
(
    [result] => 1
)

.============================ POST REQUEST ==========================.
[2018/03/27 01:39:59] Postback payload: Array
(
    [code] => mbstringLibrary
    [handler] => onCheckRequirement
)

[2018/03/27 01:39:59] System check: mbstringLibrary
[2018/03/27 01:39:59] Requirement mbstringLibrary +OK
[2018/03/27 01:39:59] Execute handler (onCheckRequirement): Array
(
    [result] => 1
)

.============================ POST REQUEST ==========================.
[2018/03/27 01:40:00] Postback payload: Array
(
    [code] => fileinfoLibrary
    [handler] => onCheckRequirement
)

[2018/03/27 01:40:00] System check: fileinfoLibrary
[2018/03/27 01:40:00] Requirement fileinfoLibrary +OK
[2018/03/27 01:40:00] Execute handler (onCheckRequirement): Array
(
    [result] => 1
)

.============================ POST REQUEST ==========================.
[2018/03/27 01:40:00] Postback payload: Array
(
    [code] => sslLibrary
    [handler] => onCheckRequirement
)

[2018/03/27 01:40:00] System check: sslLibrary
[2018/03/27 01:40:00] Requirement sslLibrary +OK
[2018/03/27 01:40:00] Execute handler (onCheckRequirement): Array
(
    [result] => 1
)

.============================ POST REQUEST ==========================.
[2018/03/27 01:40:01] Postback payload: Array
(
    [code] => zipLibrary
    [handler] => onCheckRequirement
)

[2018/03/27 01:40:01] System check: zipLibrary
[2018/03/27 01:40:01] Requirement zipLibrary +OK
[2018/03/27 01:40:01] Execute handler (onCheckRequirement): Array
(
    [result] => 1
)

.============================ POST REQUEST ==========================.
[2018/03/27 01:40:01] Postback payload: Array
(
    [code] => gdLibrary
    [handler] => onCheckRequirement
)

[2018/03/27 01:40:01] System check: gdLibrary
[2018/03/27 01:40:01] Requirement gdLibrary +OK
[2018/03/27 01:40:01] Execute handler (onCheckRequirement): Array
(
    [result] => 1
)

.============================ POST REQUEST ==========================.
[2018/03/27 01:42:07] Postback payload: Array
(
    [db_type] => pgsql
    [db_host] => localhost
    [db_port] => 
    [db_name] => twp_db
    [db_user] => shapla
    [db_pass] => *******
    [admin_first_name] => Shapla
    [admin_last_name] => Begum
    [admin_email] => *******@*****.com
    [admin_login] => Shapla
    [admin_password] => *******
    [admin_confirm_password] => *******
    [backend_uri] => /backend
    [encryption_code] => *******
    [file_mask] => 777
    [folder_mask] => 777
    [handler] => onValidateDatabase
)

[2018/03/27 01:42:08] Handler error (onValidateDatabase): Database "twp_db" is not empty. Please empty the database or specify another database.
[2018/03/27 01:42:08] Trace log:
#0 /var/www/html/october/install_files/php/Installer.php(48): Installer->onValidateDatabase()
#1 /var/www/html/october/install_files/php/boot.php(74): Installer->__construct()
#2 /var/www/html/october/install.php(1): include('/var/www/html/o...')
#3 {main}
.============================ POST REQUEST ==========================.
[2018/03/27 01:48:11] Postback payload: Array
(
    [db_type] => pgsql
    [db_host] => localhost
    [db_port] => 
    [db_name] => twp_db
    [db_user] => shapla
    [db_pass] => *******
    [admin_first_name] => Shapla
    [admin_last_name] => Begum
    [admin_email] => *******@*****.com
    [admin_login] => Shapla
    [admin_password] => *******
    [admin_confirm_password] => *******
    [backend_uri] => /backend
    [encryption_code] => *******
    [file_mask] => 777
    [folder_mask] => 777
    [handler] => onValidateDatabase
)

.============================ POST REQUEST ==========================.
[2018/03/27 01:48:11] Postback payload: Array
(
    [db_type] => pgsql
    [db_host] => localhost
    [db_port] => 
    [db_name] => twp_db
    [db_user] => shapla
    [db_pass] => *******
    [admin_first_name] => Shapla
    [admin_last_name] => Begum
    [admin_email] => *******@*****.com
    [admin_login] => Shapla
    [admin_password] => *******
    [admin_confirm_password] => *******
    [backend_uri] => /backend
    [encryption_code] => *******
    [file_mask] => 777
    [folder_mask] => 777
    [handler] => onValidateAdminAccount
)

.============================ POST REQUEST ==========================.
[2018/03/27 01:48:11] Postback payload: Array
(
    [db_type] => pgsql
    [db_host] => localhost
    [db_port] => 
    [db_name] => twp_db
    [db_user] => shapla
    [db_pass] => *******
    [admin_first_name] => Shapla
    [admin_last_name] => Begum
    [admin_email] => *******@*****.com
    [admin_login] => Shapla
    [admin_password] => *******
    [admin_confirm_password] => *******
    [backend_uri] => /backend
    [encryption_code] => *******
    [file_mask] => 777
    [folder_mask] => 777
    [handler] => onValidateAdvancedConfig
)

.============================ POST REQUEST ==========================.
[2018/03/27 01:48:24] Postback payload: Array
(
    [step] => getMetaData
    [meta] => 
    [handler] => onInstallStep
)

[2018/03/27 01:48:24] Install step: getMetaData
[2018/03/27 01:48:24] Server request: core/install
[2018/03/27 01:48:24] Request information: Array
(
    [url] => http://octobercms.com/api/core/install
    [content_type] => application/json
    [http_code] => 200
    [header_size] => 362
    [request_size] => 185
    [filetime] => -1
    [ssl_verify_result] => 0
    [redirect_count] => 0
    [total_time] => 0.587985
    [namelookup_time] => 0.13341
    [connect_time] => 0.161325
    [pretransfer_time] => 0.161486
    [size_upload] => 46
    [size_download] => 132
    [speed_download] => 224
    [speed_upload] => 78
    [download_content_length] => 132
    [upload_content_length] => 46
    [starttransfer_time] => 0.58796
    [redirect_time] => 0
    [redirect_url] => 
    [primary_ip] => 104.24.113.12
    [certinfo] => Array
        (
        )

    [primary_port] => 80
    [local_ip] => 10.0.2.15
    [local_port] => 34392
)

[2018/03/27 01:48:24] Step getMetaData +OK
[2018/03/27 01:48:24] Execute handler (onInstallStep): Array
(
    [result] => Array
        (
            [core] => Array
                (
                    [hash] => 0495b4f0b4f42cccdd3e9b3424235517
                    [build] => 434
                    [uhash] => eb0dccd7698b8d533b4758b812ea10ad
                )

            [plugins] => Array
                (
                )

            [themes] => Array
                (
                )

        )

)

.============================ POST REQUEST ==========================.
[2018/03/27 01:48:25] Postback payload: Array
(
    [step] => downloadCore
    [meta] => Array
        (
            [core] => Array
                (
                    [hash] => 0495b4f0b4f42cccdd3e9b3424235517
                    [build] => 434
                    [uhash] => eb0dccd7698b8d533b4758b812ea10ad
                )

        )

    [handler] => onInstallStep
)

[2018/03/27 01:48:25] Install step: downloadCore
[2018/03/27 01:48:28] Saving to file (core): /var/www/html/october/install_files/temp/a74ad8dfacd4f985eb3977517615ce25.arc
[2018/03/27 01:48:28] Step downloadCore +OK
[2018/03/27 01:48:28] Execute handler (onInstallStep): Array
(
    [result] => 
)

.============================ POST REQUEST ==========================.
[2018/03/27 01:48:29] Postback payload: Array
(
    [step] => extractCore
    [meta] => Array
        (
            [core] => Array
                (
                    [hash] => 0495b4f0b4f42cccdd3e9b3424235517
                    [build] => 434
                    [uhash] => eb0dccd7698b8d533b4758b812ea10ad
                )

        )

    [handler] => onInstallStep
)

[2018/03/27 01:48:29] Install step: extractCore
[2018/03/27 01:48:29] Extracting file (core): a74ad8dfacd4f985eb3977517615ce25.arc
[2018/03/27 01:48:33] Step extractCore +OK
[2018/03/27 01:48:33] Execute handler (onInstallStep): Array
(
    [result] => 1
)

.============================ POST REQUEST ==========================.
[2018/03/27 01:48:33] Postback payload: Array
(
    [step] => setupConfig
    [meta] => Array
        (
            [core] => Array
                (
                    [hash] => 0495b4f0b4f42cccdd3e9b3424235517
                    [build] => 434
                    [uhash] => eb0dccd7698b8d533b4758b812ea10ad
                )

        )

    [db_type] => pgsql
    [db_host] => localhost
    [db_port] => 
    [db_name] => twp_db
    [db_user] => shapla
    [db_pass] => *******
    [admin_first_name] => Shapla
    [admin_last_name] => Begum
    [admin_email] => *******@*****.com
    [admin_login] => Shapla
    [admin_password] => *******
    [admin_confirm_password] => *******
    [backend_uri] => /backend
    [encryption_code] => *******
    [file_mask] => 777
    [folder_mask] => 777
    [handler] => onInstallStep
)

[2018/03/27 01:48:33] Install step: setupConfig
[2018/03/27 01:48:34] Step setupConfig +OK
[2018/03/27 01:48:34] Execute handler (onInstallStep): Array
(
    [result] => 
)

.============================ POST REQUEST ==========================.
[2018/03/27 01:48:34] Postback payload: Array
(
    [step] => createAdmin
    [meta] => Array
        (
            [core] => Array
                (
                    [hash] => 0495b4f0b4f42cccdd3e9b3424235517
                    [build] => 434
                    [uhash] => eb0dccd7698b8d533b4758b812ea10ad
                )

        )

    [db_type] => pgsql
    [db_host] => localhost
    [db_port] => 
    [db_name] => twp_db
    [db_user] => shapla
    [db_pass] => *******
    [admin_first_name] => Shapla
    [admin_last_name] => Begum
    [admin_email] => *******@*****.com
    [admin_login] => Shapla
    [admin_password] => *******
    [admin_confirm_password] => *******
    [backend_uri] => /backend
    [encryption_code] => *******
    [file_mask] => 777
    [folder_mask] => 777
    [handler] => onInstallStep
)

[2018/03/27 01:48:34] Install step: createAdmin
[2018/03/27 01:48:36] Step createAdmin +OK
[2018/03/27 01:48:36] Execute handler (onInstallStep): Array
(
    [result] => 
)

.============================ POST REQUEST ==========================.
[2018/03/27 01:48:36] Postback payload: Array
(
    [disableLog] => 1
)

[2018/03/27 01:48:36] Install step: setupProject
[2018/03/27 01:48:36] Step setupProject +OK
[2018/03/27 01:48:36] Execute handler (onInstallStep): Array
(
    [result] => 
)

.============================ POST REQUEST ==========================.
[2018/03/27 01:48:37] Postback payload: Array
(
    [step] => finishInstall
    [meta] => Array
        (
            [core] => Array
                (
                    [hash] => 0495b4f0b4f42cccdd3e9b3424235517
                    [build] => 434
                    [uhash] => eb0dccd7698b8d533b4758b812ea10ad
                )

        )

    [hash] => 0495b4f0b4f42cccdd3e9b3424235517
    [build] => 434
    [uhash] => eb0dccd7698b8d533b4758b812ea10ad
    [handler] => onInstallStep
)

[2018/03/27 01:48:37] Install step: finishInstall
[2018/03/27 01:48:38] Cleaning up file: a74ad8dfacd4f985eb3977517615ce25.arc
[2018/03/27 01:48:38] Step finishInstall +OK
[2018/03/27 01:48:38] Execute handler (onInstallStep): Array
(
    [result] => 
)

